This file contains any messages produced by compilers while
running configure, to aid debugging if configure makes a mistake.

It was created by ichat_server configure 1.0.0, which was
generated by GNU Autoconf 2.63.  Invocation command line was

  $ ./configure --no-create --no-recursion

## --------- ##
## Platform. ##
## --------- ##

hostname = AY1407051613578768e5Z
uname -m = x86_64
uname -r = 2.6.32-431.17.1.el6.x86_64
uname -s = Linux
uname -v = #1 SMP Wed May 7 23:32:49 UTC 2014

/usr/bin/uname -p = unknown
/bin/uname -X     = unknown

/bin/arch              = x86_64
/usr/bin/arch -k       = unknown
/usr/convex/getsysinfo = unknown
/usr/bin/hostinfo      = unknown
/bin/machine           = unknown
/usr/bin/oslevel       = unknown
/bin/universe          = unknown

PATH: /usr/local/sbin
PATH: /usr/local/bin
PATH: /sbin
PATH: /bin
PATH: /usr/sbin
PATH: /usr/bin
PATH: /root/bin


## ----------- ##
## Core tests. ##
## ----------- ##

configure:2106: checking for a BSD-compatible install
configure:2174: result: /usr/bin/install -c
configure:2185: checking whether build environment is sane
configure:2245: result: yes
configure:2386: checking for a thread-safe mkdir -p
configure:2425: result: /bin/mkdir -p
configure:2438: checking for gawk
configure:2454: found /bin/gawk
configure:2465: result: gawk
configure:2476: checking whether make sets $(MAKE)
configure:2498: result: yes
configure:2592: checking build system type
configure:2610: result: x86_64-unknown-linux-gnu
configure:2632: checking host system type
configure:2647: result: x86_64-unknown-linux-gnu
configure:2724: checking for gcc
configure:2740: found /usr/bin/gcc
configure:2751: result: gcc
configure:2983: checking for C compiler version
configure:2991: gcc --version >&5
gcc (GCC) 4.4.7 20120313 (Red Hat 4.4.7-4)
Copyright (C) 2010 Free Software Foundation, Inc.
This is free software; see the source for copying conditions.  There is NO
warranty; not even for MERCHANTABILITY or FITNESS FOR A PARTICULAR PURPOSE.

configure:2995: $? = 0
configure:3002: gcc -v >&5
Using built-in specs.
Target: x86_64-redhat-linux
Configured with: ../configure --prefix=/usr --mandir=/usr/share/man --infodir=/usr/share/info --with-bugurl=http://bugzilla.redhat.com/bugzilla --enable-bootstrap --enable-shared --enable-threads=posix --enable-checking=release --with-system-zlib --enable-__cxa_atexit --disable-libunwind-exceptions --enable-gnu-unique-object --enable-languages=c,c++,objc,obj-c++,java,fortran,ada --enable-java-awt=gtk --disable-dssi --with-java-home=/usr/lib/jvm/java-1.5.0-gcj-1.5.0.0/jre --enable-libgcj-multifile --enable-java-maintainer-mode --with-ecj-jar=/usr/share/java/eclipse-ecj.jar --disable-libjava-multilib --with-ppl --with-cloog --with-tune=generic --with-arch_32=i686 --build=x86_64-redhat-linux
Thread model: posix
gcc version 4.4.7 20120313 (Red Hat 4.4.7-4) (GCC) 
configure:3006: $? = 0
configure:3013: gcc -V >&5
gcc: '-V' option must have argument
configure:3017: $? = 1
configure:3040: checking for C compiler default output file name
configure:3062: gcc    conftest.c  >&5
configure:3066: $? = 0
configure:3104: result: a.out
configure:3123: checking whether the C compiler works
configure:3133: ./a.out
configure:3137: $? = 0
configure:3156: result: yes
configure:3163: checking whether we are cross compiling
configure:3165: result: no
configure:3168: checking for suffix of executables
configure:3175: gcc -o conftest    conftest.c  >&5
configure:3179: $? = 0
configure:3205: result: 
configure:3211: checking for suffix of object files
configure:3237: gcc -c   conftest.c >&5
configure:3241: $? = 0
configure:3266: result: o
configure:3270: checking whether we are using the GNU C compiler
configure:3299: gcc -c   conftest.c >&5
configure:3306: $? = 0
configure:3323: result: yes
configure:3332: checking whether gcc accepts -g
configure:3362: gcc -c -g  conftest.c >&5
configure:3369: $? = 0
configure:3470: result: yes
configure:3487: checking for gcc option to accept ISO C89
configure:3561: gcc  -c -g -O2  conftest.c >&5
configure:3568: $? = 0
configure:3591: result: none needed
configure:3620: checking for style of include used by make
configure:3648: result: GNU
configure:3673: checking dependency style of gcc
configure:3783: result: gcc3
configure:3856: checking for g++
configure:3872: found /usr/bin/g++
configure:3883: result: g++
configure:3910: checking for C++ compiler version
configure:3918: g++ --version >&5
g++ (GCC) 4.4.7 20120313 (Red Hat 4.4.7-4)
Copyright (C) 2010 Free Software Foundation, Inc.
This is free software; see the source for copying conditions.  There is NO
warranty; not even for MERCHANTABILITY or FITNESS FOR A PARTICULAR PURPOSE.

configure:3922: $? = 0
configure:3929: g++ -v >&5
Using built-in specs.
Target: x86_64-redhat-linux
Configured with: ../configure --prefix=/usr --mandir=/usr/share/man --infodir=/usr/share/info --with-bugurl=http://bugzilla.redhat.com/bugzilla --enable-bootstrap --enable-shared --enable-threads=posix --enable-checking=release --with-system-zlib --enable-__cxa_atexit --disable-libunwind-exceptions --enable-gnu-unique-object --enable-languages=c,c++,objc,obj-c++,java,fortran,ada --enable-java-awt=gtk --disable-dssi --with-java-home=/usr/lib/jvm/java-1.5.0-gcj-1.5.0.0/jre --enable-libgcj-multifile --enable-java-maintainer-mode --with-ecj-jar=/usr/share/java/eclipse-ecj.jar --disable-libjava-multilib --with-ppl --with-cloog --with-tune=generic --with-arch_32=i686 --build=x86_64-redhat-linux
Thread model: posix
gcc version 4.4.7 20120313 (Red Hat 4.4.7-4) (GCC) 
configure:3933: $? = 0
configure:3940: g++ -V >&5
g++: '-V' option must have argument
configure:3944: $? = 1
configure:3947: checking whether we are using the GNU C++ compiler
configure:3976: g++ -c   conftest.cpp >&5
configure:3983: $? = 0
configure:4000: result: yes
configure:4009: checking whether g++ accepts -g
configure:4039: g++ -c -g  conftest.cpp >&5
configure:4046: $? = 0
configure:4147: result: yes
configure:4172: checking dependency style of g++
configure:4282: result: gcc3
configure:4346: checking for pkg-config
configure:4364: found /usr/bin/pkg-config
configure:4376: result: /usr/bin/pkg-config
configure:4401: checking pkg-config is at least version 0.9.0
configure:4404: result: yes
configure:4441: checking for a sed that does not truncate output
configure:4507: result: /bin/sed
configure:4525: checking for grep that handles long lines and -e
configure:4585: result: /bin/grep
configure:4590: checking for egrep
configure:4654: result: /bin/grep -E
configure:4659: checking for fgrep
configure:4723: result: /bin/grep -F
configure:4758: checking for ld used by gcc
configure:4825: result: /usr/bin/ld
configure:4834: checking if the linker (/usr/bin/ld) is GNU ld
configure:4849: result: yes
configure:4861: checking for BSD- or MS-compatible name lister (nm)
configure:4910: result: /usr/bin/nm -B
configure:5028: checking the name lister (/usr/bin/nm -B) interface
configure:5035: g++ -c -g -O2  conftest.cpp >&5
configure:5038: /usr/bin/nm -B "conftest.o"
configure:5041: output
0000000000000000 B some_variable
configure:5048: result: BSD nm
configure:5051: checking whether ln -s works
configure:5055: result: yes
configure:5063: checking the maximum length of command line arguments
configure:5183: result: 1966080
configure:5200: checking whether the shell understands some XSI constructs
configure:5210: result: yes
configure:5214: checking whether the shell understands "+="
configure:5220: result: yes
configure:5255: checking for /usr/bin/ld option to reload object files
configure:5262: result: -r
configure:5331: checking for objdump
configure:5347: found /usr/bin/objdump
configure:5358: result: objdump
configure:5390: checking how to recognize dependent libraries
configure:5586: result: pass_all
configure:5646: checking for ar
configure:5662: found /usr/bin/ar
configure:5673: result: ar
configure:5751: checking for strip
configure:5767: found /usr/bin/strip
configure:5778: result: strip
configure:5850: checking for ranlib
configure:5866: found /usr/bin/ranlib
configure:5877: result: ranlib
configure:5967: checking command to parse /usr/bin/nm -B output from gcc object
configure:6085: g++ -c -g -O2  conftest.cpp >&5
configure:6088: $? = 0
configure:6092: /usr/bin/nm -B conftest.o \| sed -n -e 's/^.*[	 ]\([ABCDGIRSTW][ABCDGIRSTW]*\)[	 ][	 ]*\([_A-Za-z][_A-Za-z0-9]*\)$/\1 \2 \2/p' \> conftest.nm
configure:6095: $? = 0
configure:6149: g++ -o conftest -g -O2   conftest.cpp conftstm.o >&5
configure:6152: $? = 0
configure:6190: result: ok
configure:6286: g++ -c -g -O2  conftest.cpp >&5
configure:6289: $? = 0
configure:7057: checking how to run the C preprocessor
configure:7097: gcc -E  conftest.c
configure:7104: $? = 0
configure:7135: gcc -E  conftest.c
conftest.c:10:28: error: ac_nonexistent.h: No such file or directory
configure:7142: $? = 1
configure: failed program was:
| /* confdefs.h.  */
| #define PACKAGE_NAME "ichat_server"
| #define PACKAGE_TARNAME "ichat_server"
| #define PACKAGE_VERSION "1.0.0"
| #define PACKAGE_STRING "ichat_server 1.0.0"
| #define PACKAGE_BUGREPORT "duanhuanzhong@sogou-inc.com"
| #define PACKAGE "ichat_server"
| #define VERSION "1.0.0"
| /* end confdefs.h.  */
| #include <ac_nonexistent.h>
configure:7175: result: gcc -E
configure:7204: gcc -E  conftest.c
configure:7211: $? = 0
configure:7242: gcc -E  conftest.c
conftest.c:10:28: error: ac_nonexistent.h: No such file or directory
configure:7249: $? = 1
configure: failed program was:
| /* confdefs.h.  */
| #define PACKAGE_NAME "ichat_server"
| #define PACKAGE_TARNAME "ichat_server"
| #define PACKAGE_VERSION "1.0.0"
| #define PACKAGE_STRING "ichat_server 1.0.0"
| #define PACKAGE_BUGREPORT "duanhuanzhong@sogou-inc.com"
| #define PACKAGE "ichat_server"
| #define VERSION "1.0.0"
| /* end confdefs.h.  */
| #include <ac_nonexistent.h>
configure:7289: checking for ANSI C header files
configure:7319: gcc -c -g -O2  conftest.c >&5
configure:7326: $? = 0
configure:7425: gcc -o conftest -g -O2   conftest.c  >&5
configure:7429: $? = 0
configure:7435: ./conftest
configure:7439: $? = 0
configure:7457: result: yes
configure:7481: checking for sys/types.h
configure:7502: gcc -c -g -O2  conftest.c >&5
configure:7509: $? = 0
configure:7526: result: yes
configure:7481: checking for sys/stat.h
configure:7502: gcc -c -g -O2  conftest.c >&5
configure:7509: $? = 0
configure:7526: result: yes
configure:7481: checking for stdlib.h
configure:7502: gcc -c -g -O2  conftest.c >&5
configure:7509: $? = 0
configure:7526: result: yes
configure:7481: checking for string.h
configure:7502: gcc -c -g -O2  conftest.c >&5
configure:7509: $? = 0
configure:7526: result: yes
configure:7481: checking for memory.h
configure:7502: gcc -c -g -O2  conftest.c >&5
configure:7509: $? = 0
configure:7526: result: yes
configure:7481: checking for strings.h
configure:7502: gcc -c -g -O2  conftest.c >&5
configure:7509: $? = 0
configure:7526: result: yes
configure:7481: checking for inttypes.h
configure:7502: gcc -c -g -O2  conftest.c >&5
configure:7509: $? = 0
configure:7526: result: yes
configure:7481: checking for stdint.h
configure:7502: gcc -c -g -O2  conftest.c >&5
configure:7509: $? = 0
configure:7526: result: yes
configure:7481: checking for unistd.h
configure:7502: gcc -c -g -O2  conftest.c >&5
configure:7509: $? = 0
configure:7526: result: yes
configure:7544: checking for dlfcn.h
configure:7565: gcc -c -g -O2  conftest.c >&5
configure:7572: $? = 0
configure:7589: result: yes
configure:7716: checking for C++ compiler version
configure:7724: g++ --version >&5
g++ (GCC) 4.4.7 20120313 (Red Hat 4.4.7-4)
Copyright (C) 2010 Free Software Foundation, Inc.
This is free software; see the source for copying conditions.  There is NO
warranty; not even for MERCHANTABILITY or FITNESS FOR A PARTICULAR PURPOSE.

configure:7728: $? = 0
configure:7735: g++ -v >&5
Using built-in specs.
Target: x86_64-redhat-linux
Configured with: ../configure --prefix=/usr --mandir=/usr/share/man --infodir=/usr/share/info --with-bugurl=http://bugzilla.redhat.com/bugzilla --enable-bootstrap --enable-shared --enable-threads=posix --enable-checking=release --with-system-zlib --enable-__cxa_atexit --disable-libunwind-exceptions --enable-gnu-unique-object --enable-languages=c,c++,objc,obj-c++,java,fortran,ada --enable-java-awt=gtk --disable-dssi --with-java-home=/usr/lib/jvm/java-1.5.0-gcj-1.5.0.0/jre --enable-libgcj-multifile --enable-java-maintainer-mode --with-ecj-jar=/usr/share/java/eclipse-ecj.jar --disable-libjava-multilib --with-ppl --with-cloog --with-tune=generic --with-arch_32=i686 --build=x86_64-redhat-linux
Thread model: posix
gcc version 4.4.7 20120313 (Red Hat 4.4.7-4) (GCC) 
configure:7739: $? = 0
configure:7746: g++ -V >&5
g++: '-V' option must have argument
configure:7750: $? = 1
configure:7753: checking whether we are using the GNU C++ compiler
configure:7806: result: yes
configure:7815: checking whether g++ accepts -g
configure:7953: result: yes
configure:7978: checking dependency style of g++
configure:8088: result: gcc3
configure:8111: checking how to run the C++ preprocessor
configure:8147: g++ -E  conftest.cpp
configure:8154: $? = 0
configure:8185: g++ -E  conftest.cpp
conftest.cpp:21:28: error: ac_nonexistent.h: No such file or directory
configure:8192: $? = 1
configure: failed program was:
| /* confdefs.h.  */
| #define PACKAGE_NAME "ichat_server"
| #define PACKAGE_TARNAME "ichat_server"
| #define PACKAGE_VERSION "1.0.0"
| #define PACKAGE_STRING "ichat_server 1.0.0"
| #define PACKAGE_BUGREPORT "duanhuanzhong@sogou-inc.com"
| #define PACKAGE "ichat_server"
| #define VERSION "1.0.0"
| #define STDC_HEADERS 1
| #define HAVE_SYS_TYPES_H 1
| #define HAVE_SYS_STAT_H 1
| #define HAVE_STDLIB_H 1
| #define HAVE_STRING_H 1
| #define HAVE_MEMORY_H 1
| #define HAVE_STRINGS_H 1
| #define HAVE_INTTYPES_H 1
| #define HAVE_STDINT_H 1
| #define HAVE_UNISTD_H 1
| #define HAVE_DLFCN_H 1
| /* end confdefs.h.  */
| #include <ac_nonexistent.h>
configure:8225: result: g++ -E
configure:8254: g++ -E  conftest.cpp
configure:8261: $? = 0
configure:8292: g++ -E  conftest.cpp
conftest.cpp:21:28: error: ac_nonexistent.h: No such file or directory
configure:8299: $? = 1
configure: failed program was:
| /* confdefs.h.  */
| #define PACKAGE_NAME "ichat_server"
| #define PACKAGE_TARNAME "ichat_server"
| #define PACKAGE_VERSION "1.0.0"
| #define PACKAGE_STRING "ichat_server 1.0.0"
| #define PACKAGE_BUGREPORT "duanhuanzhong@sogou-inc.com"
| #define PACKAGE "ichat_server"
| #define VERSION "1.0.0"
| #define STDC_HEADERS 1
| #define HAVE_SYS_TYPES_H 1
| #define HAVE_SYS_STAT_H 1
| #define HAVE_STDLIB_H 1
| #define HAVE_STRING_H 1
| #define HAVE_MEMORY_H 1
| #define HAVE_STRINGS_H 1
| #define HAVE_INTTYPES_H 1
| #define HAVE_STDINT_H 1
| #define HAVE_UNISTD_H 1
| #define HAVE_DLFCN_H 1
| /* end confdefs.h.  */
| #include <ac_nonexistent.h>
configure:8513: checking for objdir
configure:8528: result: .libs
configure:8820: checking if gcc supports -fno-rtti -fno-exceptions
configure:8838: gcc -c -g -O2  -fno-rtti -fno-exceptions conftest.c >&5
cc1: warning: command line option "-fno-rtti" is valid for C++/ObjC++ but not for C
configure:8842: $? = 0
configure:8855: result: no
configure:8875: checking for gcc option to produce PIC
configure:9147: result: -fPIC -DPIC
configure:9159: checking if gcc PIC flag -fPIC -DPIC works
configure:9177: gcc -c -g -O2  -fPIC -DPIC -DPIC conftest.c >&5
configure:9181: $? = 0
configure:9194: result: yes
configure:9218: checking if gcc static flag -static works
configure:9246: result: no
configure:9261: checking if gcc supports -c -o file.o
configure:9282: gcc -c -g -O2  -o out/conftest2.o conftest.c >&5
configure:9286: $? = 0
configure:9308: result: yes
configure:9316: checking if gcc supports -c -o file.o
configure:9363: result: yes
configure:9396: checking whether the gcc linker (/usr/bin/ld -m elf_x86_64) supports shared libraries
configure:10470: result: yes
configure:10507: checking whether -lc should be explicitly linked in
configure:10512: gcc -c -g -O2  conftest.c >&5
configure:10515: $? = 0
configure:10530: gcc -shared conftest.o  -v -Wl,-soname -Wl,conftest -o conftest 2\>\&1 \| /bin/grep  -lc  \>/dev/null 2\>\&1
configure:10533: $? = 0
configure:10545: result: no
configure:10709: checking dynamic linker characteristics
configure:11152: gcc -o conftest -g -O2   -Wl,-rpath -Wl,/foo conftest.c  >&5
configure:11159: $? = 0
configure:11395: result: GNU/Linux ld.so
configure:11497: checking how to hardcode library paths into programs
configure:11522: result: immediate
configure:12355: checking whether stripping libraries is possible
configure:12360: result: yes
configure:12395: checking if libtool supports shared libraries
configure:12397: result: yes
configure:12400: checking whether to build shared libraries
configure:12421: result: yes
configure:12424: checking whether to build static libraries
configure:12428: result: yes
configure:12578: checking for ld used by g++
configure:12645: result: /usr/bin/ld -m elf_x86_64
configure:12654: checking if the linker (/usr/bin/ld -m elf_x86_64) is GNU ld
configure:12669: result: yes
configure:12724: checking whether the g++ linker (/usr/bin/ld -m elf_x86_64) supports shared libraries
configure:13699: result: yes
configure:13727: g++ -c -g -O2  conftest.cpp >&5
configure:13730: $? = 0
configure:13912: checking for g++ option to produce PIC
configure:14229: result: -fPIC -DPIC
configure:14238: checking if g++ PIC flag -fPIC -DPIC works
configure:14256: g++ -c -g -O2  -fPIC -DPIC -DPIC conftest.cpp >&5
configure:14260: $? = 0
configure:14273: result: yes
configure:14294: checking if g++ static flag -static works
configure:14322: result: no
configure:14334: checking if g++ supports -c -o file.o
configure:14355: g++ -c -g -O2  -o out/conftest2.o conftest.cpp >&5
configure:14359: $? = 0
configure:14381: result: yes
configure:14386: checking if g++ supports -c -o file.o
configure:14433: result: yes
configure:14463: checking whether the g++ linker (/usr/bin/ld -m elf_x86_64) supports shared libraries
configure:14489: result: yes
configure:14626: checking dynamic linker characteristics
configure:15017: g++ -o conftest -g -O2   -Wl,-rpath -Wl,/foo conftest.cpp  >&5
configure:15024: $? = 0
configure:15260: result: GNU/Linux ld.so
configure:15311: checking how to hardcode library paths into programs
configure:15336: result: immediate
configure:15402: checking for ANSI C header files
configure:15570: result: yes
configure:15596: checking iostream usability
configure:15613: g++ -c -g -O2  conftest.cpp >&5
configure:15620: $? = 0
configure:15634: result: yes
configure:15638: checking iostream presence
configure:15653: g++ -E  conftest.cpp
configure:15660: $? = 0
configure:15674: result: yes
configure:15707: checking for iostream
configure:15716: result: yes
configure:15734: checking for an ANSI C-conforming const
configure:15809: g++ -c -g -O2  conftest.cpp >&5
configure:15816: $? = 0
configure:15831: result: yes
configure:15849: checking for working alloca.h
configure:15876: g++ -o conftest -g -O2   conftest.cpp  >&5
configure:15883: $? = 0
configure:15903: result: yes
configure:15913: checking for alloca
configure:15960: g++ -o conftest -g -O2   conftest.cpp  >&5
configure:15967: $? = 0
configure:15987: result: yes
configure:16237: checking for mbstowcs
configure:16293: g++ -o conftest -g -O2   conftest.cpp  >&5
configure:16300: $? = 0
configure:16322: result: yes
configure:16237: checking for wcstombs
configure:16293: g++ -o conftest -g -O2   conftest.cpp  >&5
configure:16300: $? = 0
configure:16322: result: yes
configure:16237: checking for mbtowc
configure:16293: g++ -o conftest -g -O2   conftest.cpp  >&5
configure:16300: $? = 0
configure:16322: result: yes
configure:16237: checking for wctomb
configure:16293: g++ -o conftest -g -O2   conftest.cpp  >&5
configure:16300: $? = 0
configure:16322: result: yes
configure:16355: checking for iostream
configure:16362: result: yes
configure:16508: checking platform
configure:16527: result: linux-gnu
configure:16547: checking debug feature
configure:16549: result: 
configure:16564: checking optimize feature
configure:16566: result: 
configure:16582: checking profile feature
configure:16584: result: 
configure:16599: checking precompiled headers feature
configure:16601: result: yes
configure:16647: g++ -c -g -O2 -pthread  -D_REENTRANT conftest.cpp >&5
configure:16654: $? = 0
configure:16842: checking BUILD_DEPENDENCIES
configure:16844: result: /home/zhangyang/CSpiderMaster
configure:17029: creating ./config.status
configure:19526: patching libtool

## ---------------- ##
## Cache variables. ##
## ---------------- ##

ac_cv_build=x86_64-unknown-linux-gnu
ac_cv_c_compiler_gnu=yes
ac_cv_c_const=yes
ac_cv_cxx_compiler_gnu=yes
ac_cv_env_BUILD_DEPENDENCIES_set=set
ac_cv_env_BUILD_DEPENDENCIES_value=/home/zhangyang/CSpiderMaster
ac_cv_env_CCC_set=
ac_cv_env_CCC_value=
ac_cv_env_CC_set=
ac_cv_env_CC_value=
ac_cv_env_CFLAGS_set=
ac_cv_env_CFLAGS_value=
ac_cv_env_CPPFLAGS_set=
ac_cv_env_CPPFLAGS_value=
ac_cv_env_CPP_set=
ac_cv_env_CPP_value=
ac_cv_env_CXXCPP_set=
ac_cv_env_CXXCPP_value=
ac_cv_env_CXXFLAGS_set=
ac_cv_env_CXXFLAGS_value=
ac_cv_env_CXX_set=
ac_cv_env_CXX_value=
ac_cv_env_LDFLAGS_set=
ac_cv_env_LDFLAGS_value=
ac_cv_env_LIBS_set=
ac_cv_env_LIBS_value=
ac_cv_env_PKG_CONFIG_set=
ac_cv_env_PKG_CONFIG_value=
ac_cv_env_build_alias_set=
ac_cv_env_build_alias_value=
ac_cv_env_host_alias_set=
ac_cv_env_host_alias_value=
ac_cv_env_target_alias_set=
ac_cv_env_target_alias_value=
ac_cv_func_alloca_works=yes
ac_cv_func_mbstowcs=yes
ac_cv_func_mbtowc=yes
ac_cv_func_wcstombs=yes
ac_cv_func_wctomb=yes
ac_cv_header_dlfcn_h=yes
ac_cv_header_inttypes_h=yes
ac_cv_header_iostream=yes
ac_cv_header_memory_h=yes
ac_cv_header_stdc=yes
ac_cv_header_stdint_h=yes
ac_cv_header_stdlib_h=yes
ac_cv_header_string_h=yes
ac_cv_header_strings_h=yes
ac_cv_header_sys_stat_h=yes
ac_cv_header_sys_types_h=yes
ac_cv_header_unistd_h=yes
ac_cv_host=x86_64-unknown-linux-gnu
ac_cv_objext=o
ac_cv_path_EGREP='/bin/grep -E'
ac_cv_path_FGREP='/bin/grep -F'
ac_cv_path_GREP=/bin/grep
ac_cv_path_SED=/bin/sed
ac_cv_path_ac_pt_PKG_CONFIG=/usr/bin/pkg-config
ac_cv_path_install='/usr/bin/install -c'
ac_cv_path_mkdir=/bin/mkdir
ac_cv_prog_AWK=gawk
ac_cv_prog_CPP='gcc -E'
ac_cv_prog_CXXCPP='g++ -E'
ac_cv_prog_ac_ct_AR=ar
ac_cv_prog_ac_ct_CC=gcc
ac_cv_prog_ac_ct_CXX=g++
ac_cv_prog_ac_ct_OBJDUMP=objdump
ac_cv_prog_ac_ct_RANLIB=ranlib
ac_cv_prog_ac_ct_STRIP=strip
ac_cv_prog_cc_c89=
ac_cv_prog_cc_g=yes
ac_cv_prog_cxx_g=yes
ac_cv_prog_make_make_set=yes
ac_cv_working_alloca_h=yes
am_cv_CC_dependencies_compiler_type=gcc3
am_cv_CXX_dependencies_compiler_type=gcc3
lt_cv_deplibs_check_method=pass_all
lt_cv_file_magic_cmd='$MAGIC_CMD'
lt_cv_file_magic_test_file=
lt_cv_ld_reload_flag=-r
lt_cv_nm_interface='BSD nm'
lt_cv_objdir=.libs
lt_cv_path_LD=/usr/bin/ld
lt_cv_path_LDCXX='/usr/bin/ld -m elf_x86_64'
lt_cv_path_NM='/usr/bin/nm -B'
lt_cv_prog_compiler_c_o=yes
lt_cv_prog_compiler_c_o_CXX=yes
lt_cv_prog_compiler_pic_works=yes
lt_cv_prog_compiler_pic_works_CXX=yes
lt_cv_prog_compiler_rtti_exceptions=no
lt_cv_prog_compiler_static_works=no
lt_cv_prog_compiler_static_works_CXX=no
lt_cv_prog_gnu_ld=yes
lt_cv_prog_gnu_ldcxx=yes
lt_cv_sys_global_symbol_pipe='sed -n -e '\''s/^.*[	 ]\([ABCDGIRSTW][ABCDGIRSTW]*\)[	 ][	 ]*\([_A-Za-z][_A-Za-z0-9]*\)$/\1 \2 \2/p'\'''
lt_cv_sys_global_symbol_to_c_name_address='sed -n -e '\''s/^: \([^ ]*\) $/  {\"\1\", (void *) 0},/p'\'' -e '\''s/^[ABCDGIRSTW]* \([^ ]*\) \([^ ]*\)$/  {"\2", (void *) \&\2},/p'\'''
lt_cv_sys_global_symbol_to_c_name_address_lib_prefix='sed -n -e '\''s/^: \([^ ]*\) $/  {\"\1\", (void *) 0},/p'\'' -e '\''s/^[ABCDGIRSTW]* \([^ ]*\) \(lib[^ ]*\)$/  {"\2", (void *) \&\2},/p'\'' -e '\''s/^[ABCDGIRSTW]* \([^ ]*\) \([^ ]*\)$/  {"lib\2", (void *) \&\2},/p'\'''
lt_cv_sys_global_symbol_to_cdecl='sed -n -e '\''s/^T .* \(.*\)$/extern int \1();/p'\'' -e '\''s/^[ABCDGIRSTW]* .* \(.*\)$/extern char \1;/p'\'''
lt_cv_sys_max_cmd_len=1966080

## ----------------- ##
## Output variables. ##
## ----------------- ##

ACLOCAL='${SHELL} /home/zhangyang/CSpiderMaster/_aux/missing --run aclocal-1.11'
ALLOCA=''
AMDEPBACKSLASH='\'
AMDEP_FALSE='#'
AMDEP_TRUE=''
AMTAR='${SHELL} /home/zhangyang/CSpiderMaster/_aux/missing --run tar'
AR='ar'
AUTOCONF='${SHELL} /home/zhangyang/CSpiderMaster/_aux/missing --run autoconf'
AUTOHEADER='${SHELL} /home/zhangyang/CSpiderMaster/_aux/missing --run autoheader'
AUTOMAKE='${SHELL} /home/zhangyang/CSpiderMaster/_aux/missing --run automake-1.11'
AWK='gawk'
BUILD_DEPENDENCIES='/home/zhangyang/CSpiderMaster'
BUILD_DEPENDENCIES_FALSE=''
BUILD_DEPENDENCIES_TRUE='#'
CC='gcc'
CCDEPMODE='depmode=gcc3'
CFLAGS='-g -O2 -pthread'
CPP='gcc -E'
CPPFLAGS=' -D_REENTRANT -D_FILE_OFFSET_BITS=64'
CXX='g++'
CXXCPP='g++ -E'
CXXDEPMODE='depmode=gcc3'
CXXFLAGS='-g -O2 -pthread'
CYGPATH_W='echo'
DEFS='-DHAVE_CONFIG_H'
DEPDIR='.deps'
DSYMUTIL=''
DUMPBIN=''
ECHO_C=''
ECHO_N='-n'
ECHO_T=''
EGREP='/bin/grep -E'
ENABLE_STATIC_FALSE='#'
ENABLE_STATIC_TRUE=''
EXEEXT=''
FGREP='/bin/grep -F'
GREP='/bin/grep'
INSTALL_DATA='${INSTALL} -m 644'
INSTALL_PROGRAM='${INSTALL}'
INSTALL_SCRIPT='${INSTALL}'
INSTALL_STRIP_PROGRAM='$(install_sh) -c -s'
LD='/usr/bin/ld -m elf_x86_64'
LDFLAGS=''
LIBOBJS=''
LIBS=' -lnsl'
LIBTOOL='$(SHELL) $(top_builddir)/libtool'
LIPO=''
LN_S='ln -s'
LTLIBOBJS=''
MAKEINFO='${SHELL} /home/zhangyang/CSpiderMaster/_aux/missing --run makeinfo'
MKDIR_P='/bin/mkdir -p'
NM='/usr/bin/nm -B'
NMEDIT=''
OBJDUMP='objdump'
OBJEXT='o'
OTOOL64=''
OTOOL=''
PACKAGE='ichat_server'
PACKAGE_BUGREPORT='duanhuanzhong@sogou-inc.com'
PACKAGE_DEPENDENCIES=''
PACKAGE_NAME='ichat_server'
PACKAGE_STRING='ichat_server 1.0.0'
PACKAGE_TARNAME='ichat_server'
PACKAGE_VERSION='1.0.0'
PATH_SEPARATOR=':'
PKG_CONFIG='/usr/bin/pkg-config'
RANLIB='ranlib'
SED='/bin/sed'
SET_MAKE=''
SHELL='/bin/sh'
STRIP='strip'
VERSION='1.0.0'
WITH_GCH_FALSE='#'
WITH_GCH_TRUE=''
ac_ct_CC='gcc'
ac_ct_CXX='g++'
ac_ct_DUMPBIN=''
am__EXEEXT_FALSE=''
am__EXEEXT_TRUE='#'
am__fastdepCC_FALSE='#'
am__fastdepCC_TRUE=''
am__fastdepCXX_FALSE='#'
am__fastdepCXX_TRUE=''
am__include='include'
am__isrc=''
am__leading_dot='.'
am__quote=''
am__tar='${AMTAR} chof - "$$tardir"'
am__untar='${AMTAR} xf -'
bindir='${exec_prefix}/bin'
build='x86_64-unknown-linux-gnu'
build_alias=''
build_cpu='x86_64'
build_os='linux-gnu'
build_vendor='unknown'
datadir='${datarootdir}'
datarootdir='${prefix}/share'
docdir='${datarootdir}/doc/${PACKAGE_TARNAME}'
dvidir='${docdir}'
exec_prefix='${prefix}'
host='x86_64-unknown-linux-gnu'
host_alias=''
host_cpu='x86_64'
host_os='linux-gnu'
host_vendor='unknown'
htmldir='${docdir}'
includedir='${prefix}/include'
infodir='${datarootdir}/info'
install_sh='${SHELL} /home/zhangyang/CSpiderMaster/_aux/install-sh'
libdir='${exec_prefix}/lib64'
libexecdir='${exec_prefix}/libexec'
localedir='${datarootdir}/locale'
localstatedir='${prefix}/var'
lt_ECHO='echo'
mandir='${datarootdir}/man'
mkdir_p='/bin/mkdir -p'
oldincludedir='/usr/include'
pdfdir='${docdir}'
prefix='/opt/ichat'
program_transform_name='s,x,x,'
psdir='${docdir}'
sbindir='${exec_prefix}/sbin'
sharedstatedir='${prefix}/com'
sysconfdir='${prefix}/etc'
target_alias=''

## ----------- ##
## confdefs.h. ##
## ----------- ##

#define PACKAGE_NAME "ichat_server"
#define PACKAGE_TARNAME "ichat_server"
#define PACKAGE_VERSION "1.0.0"
#define PACKAGE_STRING "ichat_server 1.0.0"
#define PACKAGE_BUGREPORT "duanhuanzhong@sogou-inc.com"
#define PACKAGE "ichat_server"
#define VERSION "1.0.0"
#define STDC_HEADERS 1
#define HAVE_SYS_TYPES_H 1
#define HAVE_SYS_STAT_H 1
#define HAVE_STDLIB_H 1
#define HAVE_STRING_H 1
#define HAVE_MEMORY_H 1
#define HAVE_STRINGS_H 1
#define HAVE_INTTYPES_H 1
#define HAVE_STDINT_H 1
#define HAVE_UNISTD_H 1
#define HAVE_DLFCN_H 1
#define LT_OBJDIR ".libs/"
#define STDC_HEADERS 1
#define HAVE_IOSTREAM 1
#define HAVE_ALLOCA_H 1
#define HAVE_ALLOCA 1
#define HAVE_MBSTOWCS 1
#define HAVE_WCSTOMBS 1
#define HAVE_MBTOWC 1
#define HAVE_WCTOMB 1
#define HAVE_IOSTREAM 1

configure: exit 0

## ---------------------- ##
## Running config.status. ##
## ---------------------- ##

This file was extended by ichat_server config.status 1.0.0, which was
generated by GNU Autoconf 2.63.  Invocation command line was

  CONFIG_FILES    = 
  CONFIG_HEADERS  = 
  CONFIG_LINKS    = 
  CONFIG_COMMANDS = 
  $ ./config.status 

on AY1407051613578768e5Z

config.status:1069: creating Makefile
config.status:1069: creating json/Makefile
config.status:1069: creating common/Makefile
config.status:1069: creating Client/Makefile
config.status:1069: creating master/Makefile
config.status:1069: creating Server/Makefile
config.status:1069: creating config-dummy.h
config.status:1291: config-dummy.h is unchanged
config.status:1343: executing depfiles commands
config.status:1343: executing libtool commands

## ---------------------- ##
## Running config.status. ##
## ---------------------- ##

This file was extended by ichat_server config.status 1.0.0, which was
generated by GNU Autoconf 2.63.  Invocation command line was

  CONFIG_FILES    = 
  CONFIG_HEADERS  = 
  CONFIG_LINKS    = 
  CONFIG_COMMANDS = 
  $ ./config.status config-dummy.h

on AY1407051613578768e5Z

config.status:1069: creating config-dummy.h
config.status:1291: config-dummy.h is unchanged

## ---------------------- ##
## Running config.status. ##
## ---------------------- ##

This file was extended by ichat_server config.status 1.0.0, which was
generated by GNU Autoconf 2.63.  Invocation command line was

  CONFIG_FILES    = 
  CONFIG_HEADERS  = 
  CONFIG_LINKS    = 
  CONFIG_COMMANDS = 
  $ ./config.status Client/Makefile depfiles

on AY1407051613578768e5Z

config.status:1069: creating Client/Makefile
config.status:1343: executing depfiles commands
